<?xml version="1.0" encoding="UTF-8"?>
<testsuite name="com.utn.sprint3.Sprint3ApplicationTests" tests="1" skipped="0" failures="0" errors="0" timestamp="2023-11-15T15:29:20" hostname="DESKTOP-2BTKTMS" time="1.013">
  <properties/>
  <testcase name="contextLoads()" classname="com.utn.sprint3.Sprint3ApplicationTests" time="1.013"/>
  <system-out><![CDATA[12:29:11.604 [Test worker] INFO org.springframework.test.context.support.AnnotationConfigContextLoaderUtils -- Could not detect default configuration classes for test class [com.utn.sprint3.Sprint3ApplicationTests]: Sprint3ApplicationTests does not declare any static, non-private, non-final, nested classes annotated with @Configuration.
12:29:11.764 [Test worker] INFO org.springframework.boot.test.context.SpringBootTestContextBootstrapper -- Found @SpringBootConfiguration com.utn.sprint3.Sprint3Application for test class com.utn.sprint3.Sprint3ApplicationTests

  .   ____          _            __ _ _
 /\\ / ___'_ __ _ _(_)_ __  __ _ \ \ \ \
( ( )\___ | '_ | '_| | '_ \/ _` | \ \ \ \
 \\/  ___)| |_)| | | | | || (_| |  ) ) ) )
  '  |____| .__|_| |_|_| |_\__, | / / / /
 =========|_|==============|___/=/_/_/_/
 :: Spring Boot ::                (v3.1.4)

2023-11-15T12:29:12.432-03:00  INFO 1892 --- [    Test worker] c.utn.sprint3.Sprint3ApplicationTests    : Starting Sprint3ApplicationTests using Java 18.0.2.1 with PID 1892 (started by Emilio in E:\Users\Emilio\Documents\Sprint 4)
2023-11-15T12:29:12.434-03:00  INFO 1892 --- [    Test worker] c.utn.sprint3.Sprint3ApplicationTests    : No active profile set, falling back to 1 default profile: "default"
2023-11-15T12:29:13.636-03:00  INFO 1892 --- [    Test worker] .s.d.r.c.RepositoryConfigurationDelegate : Bootstrapping Spring Data JPA repositories in DEFAULT mode.
2023-11-15T12:29:13.853-03:00  INFO 1892 --- [    Test worker] .s.d.r.c.RepositoryConfigurationDelegate : Finished Spring Data repository scanning in 205 ms. Found 18 JPA repository interfaces.
2023-11-15T12:29:14.617-03:00  INFO 1892 --- [    Test worker] o.hibernate.jpa.internal.util.LogHelper  : HHH000204: Processing PersistenceUnitInfo [name: default]
2023-11-15T12:29:14.731-03:00  INFO 1892 --- [    Test worker] org.hibernate.Version                    : HHH000412: Hibernate ORM core version 6.2.9.Final
2023-11-15T12:29:14.736-03:00  INFO 1892 --- [    Test worker] org.hibernate.cfg.Environment            : HHH000406: Using bytecode reflection optimizer
2023-11-15T12:29:14.977-03:00  INFO 1892 --- [    Test worker] o.h.b.i.BytecodeProviderInitiator        : HHH000021: Bytecode provider name : bytebuddy
2023-11-15T12:29:15.203-03:00  INFO 1892 --- [    Test worker] o.s.o.j.p.SpringPersistenceUnitInfo      : No LoadTimeWeaver setup: ignoring JPA class transformer
2023-11-15T12:29:15.234-03:00  INFO 1892 --- [    Test worker] com.zaxxer.hikari.HikariDataSource       : HikariPool-1 - Starting...
2023-11-15T12:29:15.546-03:00  INFO 1892 --- [    Test worker] com.zaxxer.hikari.pool.HikariPool        : HikariPool-1 - Added connection conn0: url=jdbc:h2:mem:mydb user=SA
2023-11-15T12:29:15.549-03:00  INFO 1892 --- [    Test worker] com.zaxxer.hikari.HikariDataSource       : HikariPool-1 - Start completed.
2023-11-15T12:29:16.053-03:00  INFO 1892 --- [    Test worker] o.h.b.i.BytecodeProviderInitiator        : HHH000021: Bytecode provider name : bytebuddy
2023-11-15T12:29:17.457-03:00  INFO 1892 --- [    Test worker] o.h.e.t.j.p.i.JtaPlatformInitiator       : HHH000490: Using JtaPlatform implementation: [org.hibernate.engine.transaction.jta.platform.internal.NoJtaPlatform]
2023-11-15T12:29:17.597-03:00  INFO 1892 --- [    Test worker] j.LocalContainerEntityManagerFactoryBean : Initialized JPA EntityManagerFactory for persistence unit 'default'
2023-11-15T12:29:18.136-03:00  INFO 1892 --- [    Test worker] o.s.d.j.r.query.QueryEnhancerFactory     : Hibernate is in classpath; If applicable, HQL parser will be used.
2023-11-15T12:29:20.020-03:00  WARN 1892 --- [    Test worker] JpaBaseConfiguration$JpaWebConfiguration : spring.jpa.open-in-view is enabled by default. Therefore, database queries may be performed during view rendering. Explicitly configure spring.jpa.open-in-view to disable this warning
2023-11-15T12:29:20.170-03:00  INFO 1892 --- [    Test worker] o.s.s.web.DefaultSecurityFilterChain     : Will secure any request with [org.springframework.security.web.session.DisableEncodeUrlFilter@5e1db27e, org.springframework.security.web.context.request.async.WebAsyncManagerIntegrationFilter@3badd554, org.springframework.security.web.context.SecurityContextHolderFilter@72bb0640, org.springframework.security.web.header.HeaderWriterFilter@18ca65ea, org.springframework.security.web.authentication.logout.LogoutFilter@18ad543b, com.utn.sprint3.Jwt.JwtAuthenticationFilter@69c03fa2, org.springframework.security.web.savedrequest.RequestCacheAwareFilter@434c0d22, org.springframework.security.web.servletapi.SecurityContextHolderAwareRequestFilter@3d97b0a, org.springframework.security.web.authentication.AnonymousAuthenticationFilter@218da1f9, org.springframework.security.web.session.SessionManagementFilter@4644f3d4, org.springframework.security.web.access.ExceptionTranslationFilter@5ca29f17, org.springframework.security.web.access.intercept.AuthorizationFilter@1c1f3950]
2023-11-15T12:29:20.861-03:00  INFO 1892 --- [    Test worker] o.s.b.a.h2.H2ConsoleAutoConfiguration    : H2 console available at '/h2-console'. Database available at 'jdbc:h2:mem:mydb'
2023-11-15T12:29:20.939-03:00  INFO 1892 --- [    Test worker] c.utn.sprint3.Sprint3ApplicationTests    : Started Sprint3ApplicationTests in 8.926 seconds (process running for 10.841)
]]></system-out>
  <system-err><![CDATA[]]></system-err>
</testsuite>
